<?xml version="1.0" encoding="UTF-8"?>
<testng-results skipped="0" failed="1" ignored="0" total="8" passed="7">
  <reporter-output>
  </reporter-output>
  <suite name="Suite" duration-ms="1636" started-at="2022-04-17T04:19:19 EET" finished-at="2022-04-17T04:19:20 EET">
    <groups>
    </groups>
    <test name="Test" duration-ms="1636" started-at="2022-04-17T04:19:19 EET" finished-at="2022-04-17T04:19:20 EET">
      <class name="QA.TestAPI.SearchAboutProduct">
        <test-method status="FAIL" signature="Validate_invaild_reponse_code_TCs()[pri:0, instance:QA.TestAPI.SearchAboutProduct@7a1ebcd8]" name="Validate_invaild_reponse_code_TCs" duration-ms="51" started-at="2022-04-17T04:19:20 EET" finished-at="2022-04-17T04:19:20 EET">
          <exception class="java.lang.AssertionError">
            <message>
              <![CDATA[1 expectation failed.
Expected status code <500> but was <200>.
]]>
            </message>
            <full-stacktrace>
              <![CDATA[java.lang.AssertionError: 1 expectation failed.
Expected status code <500> but was <200>.

at sun.reflect.NativeConstructorAccessorImpl.newInstance0(Native Method)
at sun.reflect.NativeConstructorAccessorImpl.newInstance(NativeConstructorAccessorImpl.java:62)
at sun.reflect.DelegatingConstructorAccessorImpl.newInstance(DelegatingConstructorAccessorImpl.java:45)
at java.lang.reflect.Constructor.newInstance(Constructor.java:423)
at org.codehaus.groovy.reflection.CachedConstructor.invoke(CachedConstructor.java:80)
at org.codehaus.groovy.reflection.CachedConstructor.doConstructorInvoke(CachedConstructor.java:74)
at org.codehaus.groovy.runtime.callsite.ConstructorSite$ConstructorSiteNoUnwrap.callConstructor(ConstructorSite.java:84)
at org.codehaus.groovy.runtime.callsite.CallSiteArray.defaultCallConstructor(CallSiteArray.java:59)
at org.codehaus.groovy.runtime.callsite.AbstractCallSite.callConstructor(AbstractCallSite.java:237)
at org.codehaus.groovy.runtime.callsite.AbstractCallSite.callConstructor(AbstractCallSite.java:249)
at io.restassured.internal.ResponseSpecificationImpl$HamcrestAssertionClosure.validate(ResponseSpecificationImpl.groovy:493)
at io.restassured.internal.ResponseSpecificationImpl$HamcrestAssertionClosure$validate$1.call(Unknown Source)
at io.restassured.internal.ResponseSpecificationImpl.validateResponseIfRequired(ResponseSpecificationImpl.groovy:674)
at sun.reflect.NativeMethodAccessorImpl.invoke0(Native Method)
at sun.reflect.NativeMethodAccessorImpl.invoke(NativeMethodAccessorImpl.java:62)
at sun.reflect.DelegatingMethodAccessorImpl.invoke(DelegatingMethodAccessorImpl.java:43)
at java.lang.reflect.Method.invoke(Method.java:498)
at org.codehaus.groovy.runtime.callsite.PlainObjectMetaMethodSite.doInvoke(PlainObjectMetaMethodSite.java:43)
at org.codehaus.groovy.runtime.callsite.PogoMetaMethodSite$PogoCachedMethodSiteNoUnwrapNoCoerce.invoke(PogoMetaMethodSite.java:190)
at org.codehaus.groovy.runtime.callsite.PogoMetaMethodSite.callCurrent(PogoMetaMethodSite.java:58)
at org.codehaus.groovy.runtime.callsite.AbstractCallSite.callCurrent(AbstractCallSite.java:168)
at io.restassured.internal.ResponseSpecificationImpl.statusCode(ResponseSpecificationImpl.groovy:126)
at io.restassured.specification.ResponseSpecification$statusCode$0.callCurrent(Unknown Source)
at io.restassured.internal.ResponseSpecificationImpl.statusCode(ResponseSpecificationImpl.groovy:134)
at io.restassured.internal.ValidatableResponseOptionsImpl.statusCode(ValidatableResponseOptionsImpl.java:89)
at io.restassured.internal.ValidatableResponseImpl.super$2$statusCode(ValidatableResponseImpl.groovy)
at sun.reflect.NativeMethodAccessorImpl.invoke0(Native Method)
at sun.reflect.NativeMethodAccessorImpl.invoke(NativeMethodAccessorImpl.java:62)
at sun.reflect.DelegatingMethodAccessorImpl.invoke(DelegatingMethodAccessorImpl.java:43)
at java.lang.reflect.Method.invoke(Method.java:498)
at org.codehaus.groovy.reflection.CachedMethod.invoke(CachedMethod.java:101)
at groovy.lang.MetaMethod.doMethodInvoke(MetaMethod.java:323)
at groovy.lang.MetaClassImpl.invokeMethod(MetaClassImpl.java:1217)
at org.codehaus.groovy.runtime.ScriptBytecodeAdapter.invokeMethodOnSuperN(ScriptBytecodeAdapter.java:144)
at io.restassured.internal.ValidatableResponseImpl.statusCode(ValidatableResponseImpl.groovy:142)
at io.restassured.internal.ValidatableResponseImpl.statusCode(ValidatableResponseImpl.groovy)
at QA.TestAPI.SearchAboutProduct.Validate_invaild_reponse_code_TCs(SearchAboutProduct.java:19)
at sun.reflect.NativeMethodAccessorImpl.invoke0(Native Method)
at sun.reflect.NativeMethodAccessorImpl.invoke(NativeMethodAccessorImpl.java:62)
at sun.reflect.DelegatingMethodAccessorImpl.invoke(DelegatingMethodAccessorImpl.java:43)
at java.lang.reflect.Method.invoke(Method.java:498)
at org.testng.internal.MethodInvocationHelper.invokeMethod(MethodInvocationHelper.java:133)
at org.testng.internal.TestInvoker.invokeMethod(TestInvoker.java:598)
at org.testng.internal.TestInvoker.invokeTestMethod(TestInvoker.java:173)
at org.testng.internal.MethodRunner.runInSequence(MethodRunner.java:46)
at org.testng.internal.TestInvoker$MethodInvocationAgent.invoke(TestInvoker.java:824)
at org.testng.internal.TestInvoker.invokeTestMethods(TestInvoker.java:146)
at org.testng.internal.TestMethodWorker.invokeTestMethods(TestMethodWorker.java:146)
at org.testng.internal.TestMethodWorker.run(TestMethodWorker.java:128)
at java.util.ArrayList.forEach(ArrayList.java:1259)
at org.testng.TestRunner.privateRun(TestRunner.java:794)
at org.testng.TestRunner.run(TestRunner.java:596)
at org.testng.SuiteRunner.runTest(SuiteRunner.java:377)
at org.testng.SuiteRunner.runSequentially(SuiteRunner.java:371)
at org.testng.SuiteRunner.privateRun(SuiteRunner.java:332)
at org.testng.SuiteRunner.run(SuiteRunner.java:276)
at org.testng.SuiteRunnerWorker.runSuite(SuiteRunnerWorker.java:53)
at org.testng.SuiteRunnerWorker.run(SuiteRunnerWorker.java:96)
at org.testng.TestNG.runSuitesSequentially(TestNG.java:1212)
at org.testng.TestNG.runSuitesLocally(TestNG.java:1134)
at org.testng.TestNG.runSuites(TestNG.java:1063)
at org.testng.TestNG.run(TestNG.java:1031)
at org.testng.remote.AbstractRemoteTestNG.run(AbstractRemoteTestNG.java:115)
at org.testng.remote.RemoteTestNG.initAndRun(RemoteTestNG.java:251)
at org.testng.remote.RemoteTestNG.main(RemoteTestNG.java:77)
]]>
            </full-stacktrace>
          </exception> <!-- java.lang.AssertionError -->
          <reporter-output>
          </reporter-output>
        </test-method> <!-- Validate_invaild_reponse_code_TCs -->
        <test-method status="PASS" signature="Validate_invalid_data_TCs()[pri:0, instance:QA.TestAPI.SearchAboutProduct@7a1ebcd8]" name="Validate_invalid_data_TCs" duration-ms="47" started-at="2022-04-17T04:19:20 EET" finished-at="2022-04-17T04:19:20 EET">
          <reporter-output>
          </reporter-output>
        </test-method> <!-- Validate_invalid_data_TCs -->
        <test-method status="PASS" signature="Validate_reponse_data_TCs()[pri:0, instance:QA.TestAPI.SearchAboutProduct@7a1ebcd8]" name="Validate_reponse_data_TCs" duration-ms="81" started-at="2022-04-17T04:19:20 EET" finished-at="2022-04-17T04:19:20 EET">
          <reporter-output>
          </reporter-output>
        </test-method> <!-- Validate_reponse_data_TCs -->
        <test-method status="PASS" signature="Validate_vaild_reponse_code_TCs()[pri:0, instance:QA.TestAPI.SearchAboutProduct@7a1ebcd8]" name="Validate_vaild_reponse_code_TCs" duration-ms="67" started-at="2022-04-17T04:19:20 EET" finished-at="2022-04-17T04:19:20 EET">
          <reporter-output>
          </reporter-output>
        </test-method> <!-- Validate_vaild_reponse_code_TCs -->
      </class> <!-- QA.TestAPI.SearchAboutProduct -->
      <class name="QA.TestAPI.Product">
        <test-method status="PASS" signature="Validate_invaild_reponse_code_TCs()[pri:0, instance:QA.TestAPI.Product@536aaa8d]" name="Validate_invaild_reponse_code_TCs" duration-ms="1002" started-at="2022-04-17T04:19:19 EET" finished-at="2022-04-17T04:19:20 EET">
          <reporter-output>
          </reporter-output>
        </test-method> <!-- Validate_invaild_reponse_code_TCs -->
        <test-method status="PASS" signature="Validate_invalid_data_TCs()[pri:0, instance:QA.TestAPI.Product@536aaa8d]" name="Validate_invalid_data_TCs" duration-ms="28" started-at="2022-04-17T04:19:20 EET" finished-at="2022-04-17T04:19:20 EET">
          <reporter-output>
          </reporter-output>
        </test-method> <!-- Validate_invalid_data_TCs -->
        <test-method status="PASS" signature="Validate_reponse_data_TCs()[pri:0, instance:QA.TestAPI.Product@536aaa8d]" name="Validate_reponse_data_TCs" duration-ms="315" started-at="2022-04-17T04:19:20 EET" finished-at="2022-04-17T04:19:20 EET">
          <reporter-output>
          </reporter-output>
        </test-method> <!-- Validate_reponse_data_TCs -->
        <test-method status="PASS" signature="Validate_vaild_reponse_code_TCs()[pri:0, instance:QA.TestAPI.Product@536aaa8d]" name="Validate_vaild_reponse_code_TCs" duration-ms="12" started-at="2022-04-17T04:19:20 EET" finished-at="2022-04-17T04:19:20 EET">
          <reporter-output>
          </reporter-output>
        </test-method> <!-- Validate_vaild_reponse_code_TCs -->
      </class> <!-- QA.TestAPI.Product -->
    </test> <!-- Test -->
  </suite> <!-- Suite -->
</testng-results>
